Tests/New folder/launcher/build/intermediates/manifest_merge_blame_file/debug/manifest-merger-blame-debug-report.txt
1<?xml version="1.0" encoding="utf-8"?>
2<!-- GENERATED BY UNITY. REMOVE THIS COMMENT TO PREVENT OVERWRITING WHEN EXPORTING AGAIN -->
3<manifest xmlns:android="http://schemas.android.com/apk/res/android"
4    package="com.DefaultCompany.com.unity.template.mobile2D"
5    android:installLocation="preferExternal"
6    android:versionCode="1"
7    android:versionName="1.0.2" >
8
9    <uses-sdk
10        android:minSdkVersion="19"
10-->src\main\AndroidManifest.xml
11        android:targetSdkVersion="30" />
11-->src\main\AndroidManifest.xml
12
13    <supports-screens
13-->src\main\AndroidManifest.xml:4:3-163
14        android:anyDensity="true"
14-->src\main\AndroidManifest.xml:4:135-160
15        android:largeScreens="true"
15-->src\main\AndroidManifest.xml:4:78-105
16        android:normalScreens="true"
16-->src\main\AndroidManifest.xml:4:49-77
17        android:smallScreens="true"
17-->src\main\AndroidManifest.xml:4:21-48
18        android:xlargeScreens="true" />
18-->src\main\AndroidManifest.xml:4:106-134
19
20    <uses-feature android:glEsVersion="0x00030000" />
20-->[:unityLibrary] AndroidManifest.xml:13:5-54
20-->[:unityLibrary] AndroidManifest.xml:13:19-51
21    <uses-feature
21-->[:unityLibrary] AndroidManifest.xml:14:5-16:36
22        android:name="android.hardware.vulkan.version"
22-->[:unityLibrary] AndroidManifest.xml:15:9-55
23        android:required="false" />
23-->[:unityLibrary] AndroidManifest.xml:16:9-33
24
25    <uses-permission android:name="android.permission.INTERNET" />
25-->[:unityLibrary] AndroidManifest.xml:18:5-67
25-->[:unityLibrary] AndroidManifest.xml:18:22-64
26
27    <uses-feature
27-->[:unityLibrary] AndroidManifest.xml:20:5-22:36
28        android:name="android.hardware.touchscreen"
28-->[:unityLibrary] AndroidManifest.xml:21:9-52
29        android:required="false" />
29-->[:unityLibrary] AndroidManifest.xml:22:9-33
30    <uses-feature
30-->[:unityLibrary] AndroidManifest.xml:23:5-25:36
31        android:name="android.hardware.touchscreen.multitouch"
31-->[:unityLibrary] AndroidManifest.xml:24:9-63
32        android:required="false" />
32-->[:unityLibrary] AndroidManifest.xml:25:9-33
33    <uses-feature
33-->[:unityLibrary] AndroidManifest.xml:26:5-28:36
34        android:name="android.hardware.touchscreen.multitouch.distinct"
34-->[:unityLibrary] AndroidManifest.xml:27:9-72
35        android:required="false" /> <!-- Include required permissions for Advertising Id -->
35-->[:unityLibrary] AndroidManifest.xml:28:9-33
36    <uses-permission android:name="com.google.android.gms.permission.AD_ID" />
36-->[:com.google.android.gms.play-services-ads-identifier-18.0.0:] AndroidManifest.xml:23:5-79
36-->[:com.google.android.gms.play-services-ads-identifier-18.0.0:] AndroidManifest.xml:23:22-76
37    <uses-permission android:name="android.permission.ACCESS_NETWORK_STATE" />
37-->[:com.google.android.gms.play-services-measurement-20.1.2:] AndroidManifest.xml:24:5-79
37-->[:com.google.android.gms.play-services-measurement-20.1.2:] AndroidManifest.xml:24:22-76
38    <uses-permission android:name="android.permission.WAKE_LOCK" />
38-->[:com.google.android.gms.play-services-measurement-20.1.2:] AndroidManifest.xml:25:5-68
38-->[:com.google.android.gms.play-services-measurement-20.1.2:] AndroidManifest.xml:25:22-65
39    <uses-permission android:name="com.google.android.finsky.permission.BIND_GET_INSTALL_REFERRER_SERVICE" />
39-->[:com.google.android.gms.play-services-measurement-20.1.2:] AndroidManifest.xml:26:5-110
39-->[:com.google.android.gms.play-services-measurement-20.1.2:] AndroidManifest.xml:26:22-107
40
41    <application
41-->src\main\AndroidManifest.xml:5:3-116
42        android:appComponentFactory="androidx.core.app.CoreComponentFactory"
42-->[:androidx.core.core-1.2.0:] AndroidManifest.xml:24:18-86
43        android:debuggable="true"
44        android:extractNativeLibs="true"
44-->src\main\AndroidManifest.xml:5:16-48
45        android:icon="@mipmap/app_icon"
45-->src\main\AndroidManifest.xml:5:82-113
46        android:label="@string/app_name" >
46-->src\main\AndroidManifest.xml:5:49-81
47        <activity
47-->[:unityLibrary] AndroidManifest.xml:31:9-51:20
48            android:name="com.unity3d.player.UnityPlayerActivity"
48-->[:unityLibrary] AndroidManifest.xml:32:13-66
49            android:configChanges="mcc|mnc|locale|touchscreen|keyboard|keyboardHidden|navigation|orientation|screenLayout|uiMode|screenSize|smallestScreenSize|fontScale|layoutDirection|density"
49-->[:unityLibrary] AndroidManifest.xml:33:13-194
50            android:hardwareAccelerated="false"
50-->[:unityLibrary] AndroidManifest.xml:34:13-48
51            android:launchMode="singleTask"
51-->[:unityLibrary] AndroidManifest.xml:35:13-44
52            android:resizeableActivity="false"
52-->[:unityLibrary] AndroidManifest.xml:36:13-47
53            android:screenOrientation="fullSensor"
53-->[:unityLibrary] AndroidManifest.xml:37:13-51
54            android:theme="@style/UnityThemeSelector" >
54-->[:unityLibrary] AndroidManifest.xml:38:13-54
55            <intent-filter>
55-->[:unityLibrary] AndroidManifest.xml:39:13-43:29
56                <action android:name="android.intent.action.MAIN" />
56-->[:unityLibrary] AndroidManifest.xml:40:17-69
56-->[:unityLibrary] AndroidManifest.xml:40:25-66
57
58                <category android:name="android.intent.category.LAUNCHER" />
58-->[:unityLibrary] AndroidManifest.xml:42:17-77
58-->[:unityLibrary] AndroidManifest.xml:42:27-74
59            </intent-filter>
60
61            <meta-data
61-->[:unityLibrary] AndroidManifest.xml:45:13-47:40
62                android:name="unityplayer.UnityActivity"
62-->[:unityLibrary] AndroidManifest.xml:46:17-57
63                android:value="true" />
63-->[:unityLibrary] AndroidManifest.xml:47:17-37
64            <meta-data
64-->[:unityLibrary] AndroidManifest.xml:48:13-50:40
65                android:name="android.notch_support"
65-->[:unityLibrary] AndroidManifest.xml:49:17-53
66                android:value="true" />
66-->[:unityLibrary] AndroidManifest.xml:50:17-37
67        </activity>
68
69        <meta-data
69-->[:unityLibrary] AndroidManifest.xml:53:9-55:33
70            android:name="unity.splash-mode"
70-->[:unityLibrary] AndroidManifest.xml:54:13-45
71            android:value="0" />
71-->[:unityLibrary] AndroidManifest.xml:55:13-30
72        <meta-data
72-->[:unityLibrary] AndroidManifest.xml:56:9-58:36
73            android:name="unity.splash-enable"
73-->[:unityLibrary] AndroidManifest.xml:57:13-47
74            android:value="True" />
74-->[:unityLibrary] AndroidManifest.xml:58:13-33
75        <meta-data
75-->[:unityLibrary] AndroidManifest.xml:59:9-61:37
76            android:name="unity.allow-resizable-window"
76-->[:unityLibrary] AndroidManifest.xml:60:13-56
77            android:value="False" />
77-->[:unityLibrary] AndroidManifest.xml:61:13-34
78        <meta-data
78-->[:unityLibrary] AndroidManifest.xml:62:9-64:50
79            android:name="notch.config"
79-->[:unityLibrary] AndroidManifest.xml:63:13-40
80            android:value="portrait|landscape" />
80-->[:unityLibrary] AndroidManifest.xml:64:13-47
81        <meta-data
81-->[:unityLibrary] AndroidManifest.xml:65:9-67:68
82            android:name="unity.build-id"
82-->[:unityLibrary] AndroidManifest.xml:66:13-42
83            android:value="d351e05c-152e-48e5-8020-a036dcb723ae" />
83-->[:unityLibrary] AndroidManifest.xml:67:13-65
84
85        <receiver
85-->[:unityLibrary] AndroidManifest.xml:69:9-71:39
86            android:name="com.unity.androidnotifications.UnityNotificationManager"
86-->[:unityLibrary] AndroidManifest.xml:70:13-83
87            android:exported="true" />
87-->[:unityLibrary] AndroidManifest.xml:71:13-36
88        <receiver
88-->[:unityLibrary] AndroidManifest.xml:72:9-78:20
89            android:name="com.unity.androidnotifications.UnityNotificationRestartOnBootReceiver"
89-->[:unityLibrary] AndroidManifest.xml:73:13-97
90            android:enabled="false" >
90-->[:unityLibrary] AndroidManifest.xml:74:13-36
91            <intent-filter>
91-->[:unityLibrary] AndroidManifest.xml:75:13-77:29
92                <action android:name="android.intent.action.BOOT_COMPLETED" />
92-->[:unityLibrary] AndroidManifest.xml:76:17-79
92-->[:unityLibrary] AndroidManifest.xml:76:25-76
93            </intent-filter>
94        </receiver>
95
96        <activity
96-->[:com.google.android.gms.play-services-base-18.0.1:] AndroidManifest.xml:20:9-22:45
97            android:name="com.google.android.gms.common.api.GoogleApiActivity"
97-->[:com.google.android.gms.play-services-base-18.0.1:] AndroidManifest.xml:20:19-85
98            android:exported="false"
98-->[:com.google.android.gms.play-services-base-18.0.1:] AndroidManifest.xml:22:19-43
99            android:theme="@android:style/Theme.Translucent.NoTitleBar" />
99-->[:com.google.android.gms.play-services-base-18.0.1:] AndroidManifest.xml:21:19-78
100
101        <meta-data
101-->[:com.google.android.gms.play-services-basement-18.0.0:] AndroidManifest.xml:21:9-23:69
102            android:name="com.google.android.gms.version"
102-->[:com.google.android.gms.play-services-basement-18.0.0:] AndroidManifest.xml:22:13-58
103            android:value="@integer/google_play_services_version" />
103-->[:com.google.android.gms.play-services-basement-18.0.0:] AndroidManifest.xml:23:13-66
104
105        <receiver
105-->[:com.google.android.gms.play-services-measurement-20.1.2:] AndroidManifest.xml:29:9-33:20
106            android:name="com.google.android.gms.measurement.AppMeasurementReceiver"
106-->[:com.google.android.gms.play-services-measurement-20.1.2:] AndroidManifest.xml:30:13-85
107            android:enabled="true"
107-->[:com.google.android.gms.play-services-measurement-20.1.2:] AndroidManifest.xml:31:13-35
108            android:exported="false" >
108-->[:com.google.android.gms.play-services-measurement-20.1.2:] AndroidManifest.xml:32:13-37
109        </receiver>
110
111        <service
111-->[:com.google.android.gms.play-services-measurement-20.1.2:] AndroidManifest.xml:35:9-38:40
112            android:name="com.google.android.gms.measurement.AppMeasurementService"
112-->[:com.google.android.gms.play-services-measurement-20.1.2:] AndroidManifest.xml:36:13-84
113            android:enabled="true"
113-->[:com.google.android.gms.play-services-measurement-20.1.2:] AndroidManifest.xml:37:13-35
114            android:exported="false" />
114-->[:com.google.android.gms.play-services-measurement-20.1.2:] AndroidManifest.xml:38:13-37
115        <service
115-->[:com.google.android.gms.play-services-measurement-20.1.2:] AndroidManifest.xml:39:9-43:72
116            android:name="com.google.android.gms.measurement.AppMeasurementJobService"
116-->[:com.google.android.gms.play-services-measurement-20.1.2:] AndroidManifest.xml:40:13-87
117            android:enabled="true"
117-->[:com.google.android.gms.play-services-measurement-20.1.2:] AndroidManifest.xml:41:13-35
118            android:exported="false"
118-->[:com.google.android.gms.play-services-measurement-20.1.2:] AndroidManifest.xml:42:13-37
119            android:permission="android.permission.BIND_JOB_SERVICE" />
119-->[:com.google.android.gms.play-services-measurement-20.1.2:] AndroidManifest.xml:43:13-69
120        <service
120-->[:com.google.android.gms.play-services-measurement-api-20.1.2:] AndroidManifest.xml:28:9-34:19
121            android:name="com.google.firebase.components.ComponentDiscoveryService"
121-->[:com.google.android.gms.play-services-measurement-api-20.1.2:] AndroidManifest.xml:29:13-84
122            android:directBootAware="true"
122-->[:com.google.firebase.firebase-common-20.1.0:] AndroidManifest.xml:21:86-116
123            android:exported="false" >
123-->[:com.google.android.gms.play-services-measurement-api-20.1.2:] AndroidManifest.xml:30:13-37
124            <meta-data
124-->[:com.google.android.gms.play-services-measurement-api-20.1.2:] AndroidManifest.xml:31:13-33:85
125                android:name="com.google.firebase.components:com.google.firebase.analytics.connector.internal.AnalyticsConnectorRegistrar"
125-->[:com.google.android.gms.play-services-measurement-api-20.1.2:] AndroidManifest.xml:32:17-139
126                android:value="com.google.firebase.components.ComponentRegistrar" />
126-->[:com.google.android.gms.play-services-measurement-api-20.1.2:] AndroidManifest.xml:33:17-82
127            <meta-data
127-->[:com.google.firebase.firebase-auth-21.0.3:] AndroidManifest.xml:67:13-69:85
128                android:name="com.google.firebase.components:com.google.firebase.auth.FirebaseAuthRegistrar"
128-->[:com.google.firebase.firebase-auth-21.0.3:] AndroidManifest.xml:68:17-109
129                android:value="com.google.firebase.components.ComponentRegistrar" />
129-->[:com.google.firebase.firebase-auth-21.0.3:] AndroidManifest.xml:69:17-82
130            <meta-data
130-->[:com.google.firebase.firebase-database-20.0.4:] AndroidManifest.xml:32:13-34:85
131                android:name="com.google.firebase.components:com.google.firebase.database.DatabaseRegistrar"
131-->[:com.google.firebase.firebase-database-20.0.4:] AndroidManifest.xml:33:17-109
132                android:value="com.google.firebase.components.ComponentRegistrar" />
132-->[:com.google.firebase.firebase-database-20.0.4:] AndroidManifest.xml:34:17-82
133            <meta-data
133-->[:com.google.firebase.firebase-installations-17.0.0:] AndroidManifest.xml:18:13-20:85
134                android:name="com.google.firebase.components:com.google.firebase.installations.FirebaseInstallationsRegistrar"
134-->[:com.google.firebase.firebase-installations-17.0.0:] AndroidManifest.xml:19:17-127
135                android:value="com.google.firebase.components.ComponentRegistrar" />
135-->[:com.google.firebase.firebase-installations-17.0.0:] AndroidManifest.xml:20:17-82
136        </service>
137
138        <activity
138-->[:com.google.firebase.firebase-auth-21.0.3:] AndroidManifest.xml:27:9-44:20
139            android:name="com.google.firebase.auth.internal.GenericIdpActivity"
139-->[:com.google.firebase.firebase-auth-21.0.3:] AndroidManifest.xml:28:13-80
140            android:excludeFromRecents="true"
140-->[:com.google.firebase.firebase-auth-21.0.3:] AndroidManifest.xml:29:13-46
141            android:exported="true"
141-->[:com.google.firebase.firebase-auth-21.0.3:] AndroidManifest.xml:30:13-36
142            android:launchMode="singleTask"
142-->[:com.google.firebase.firebase-auth-21.0.3:] AndroidManifest.xml:31:13-44
143            android:theme="@android:style/Theme.Translucent.NoTitleBar" >
143-->[:com.google.firebase.firebase-auth-21.0.3:] AndroidManifest.xml:32:13-72
144            <intent-filter>
144-->[:com.google.firebase.firebase-auth-21.0.3:] AndroidManifest.xml:33:13-43:29
145                <action android:name="android.intent.action.VIEW" />
145-->[:com.google.firebase.firebase-auth-21.0.3:] AndroidManifest.xml:34:17-69
145-->[:com.google.firebase.firebase-auth-21.0.3:] AndroidManifest.xml:34:25-66
146
147                <category android:name="android.intent.category.DEFAULT" />
147-->[:com.google.firebase.firebase-auth-21.0.3:] AndroidManifest.xml:36:17-76
147-->[:com.google.firebase.firebase-auth-21.0.3:] AndroidManifest.xml:36:27-73
148                <category android:name="android.intent.category.BROWSABLE" />
148-->[:com.google.firebase.firebase-auth-21.0.3:] AndroidManifest.xml:37:17-78
148-->[:com.google.firebase.firebase-auth-21.0.3:] AndroidManifest.xml:37:27-75
149
150                <data
150-->[:com.google.firebase.firebase-auth-21.0.3:] AndroidManifest.xml:39:17-42:51
151                    android:host="firebase.auth"
151-->[:com.google.firebase.firebase-auth-21.0.3:] AndroidManifest.xml:40:21-49
152                    android:path="/"
152-->[:com.google.firebase.firebase-auth-21.0.3:] AndroidManifest.xml:41:21-37
153                    android:scheme="genericidp" />
153-->[:com.google.firebase.firebase-auth-21.0.3:] AndroidManifest.xml:42:21-48
154            </intent-filter>
155        </activity>
156        <activity
156-->[:com.google.firebase.firebase-auth-21.0.3:] AndroidManifest.xml:45:9-62:20
157            android:name="com.google.firebase.auth.internal.RecaptchaActivity"
157-->[:com.google.firebase.firebase-auth-21.0.3:] AndroidManifest.xml:46:13-79
158            android:excludeFromRecents="true"
158-->[:com.google.firebase.firebase-auth-21.0.3:] AndroidManifest.xml:47:13-46
159            android:exported="true"
159-->[:com.google.firebase.firebase-auth-21.0.3:] AndroidManifest.xml:48:13-36
160            android:launchMode="singleTask"
160-->[:com.google.firebase.firebase-auth-21.0.3:] AndroidManifest.xml:49:13-44
161            android:theme="@android:style/Theme.Translucent.NoTitleBar" >
161-->[:com.google.firebase.firebase-auth-21.0.3:] AndroidManifest.xml:50:13-72
162            <intent-filter>
162-->[:com.google.firebase.firebase-auth-21.0.3:] AndroidManifest.xml:51:13-61:29
163                <action android:name="android.intent.action.VIEW" />
163-->[:com.google.firebase.firebase-auth-21.0.3:] AndroidManifest.xml:34:17-69
163-->[:com.google.firebase.firebase-auth-21.0.3:] AndroidManifest.xml:34:25-66
164
165                <category android:name="android.intent.category.DEFAULT" />
165-->[:com.google.firebase.firebase-auth-21.0.3:] AndroidManifest.xml:36:17-76
165-->[:com.google.firebase.firebase-auth-21.0.3:] AndroidManifest.xml:36:27-73
166                <category android:name="android.intent.category.BROWSABLE" />
166-->[:com.google.firebase.firebase-auth-21.0.3:] AndroidManifest.xml:37:17-78
166-->[:com.google.firebase.firebase-auth-21.0.3:] AndroidManifest.xml:37:27-75
167
168                <data
168-->[:com.google.firebase.firebase-auth-21.0.3:] AndroidManifest.xml:39:17-42:51
169                    android:host="firebase.auth"
169-->[:com.google.firebase.firebase-auth-21.0.3:] AndroidManifest.xml:40:21-49
170                    android:path="/"
170-->[:com.google.firebase.firebase-auth-21.0.3:] AndroidManifest.xml:41:21-37
171                    android:scheme="recaptcha" />
171-->[:com.google.firebase.firebase-auth-21.0.3:] AndroidManifest.xml:42:21-48
172            </intent-filter>
173        </activity>
174
175        <provider
175-->[:com.google.firebase.firebase-common-20.1.0:] AndroidManifest.xml:20:5-252
176            android:name="com.google.firebase.provider.FirebaseInitProvider"
176-->[:com.google.firebase.firebase-common-20.1.0:] AndroidManifest.xml:20:15-79
177            android:authorities="com.DefaultCompany.com.unity.template.mobile2D.firebaseinitprovider"
177-->[:com.google.firebase.firebase-common-20.1.0:] AndroidManifest.xml:20:80-169
178            android:directBootAware="true"
178-->[:com.google.firebase.firebase-common-20.1.0:] AndroidManifest.xml:20:170-200
179            android:exported="false"
179-->[:com.google.firebase.firebase-common-20.1.0:] AndroidManifest.xml:20:201-225
180            android:initOrder="100" />
180-->[:com.google.firebase.firebase-common-20.1.0:] AndroidManifest.xml:20:226-249
181    </application>
182
183</manifest>